    1   -100.117173710714  0.512674914685E-03  0.256337457342E-03
    2   -100.001865267121  0.390767608137E-01  0.262198702481E-01
    3   -100.004386775171  0.400287584656E-01  0.311251123508E-01
    4   -100.006105226223  0.312247377818E-01  0.198109673568E-01
    5   -100.011367520424  0.173611104815E-01  0.101725915742E-01
    6   -100.013872062051  0.103689995946E-01  0.678685874474E-02
    7   -100.014553953664  0.224489323644E-02  0.211448628466E-02
    8   -100.014558175749  0.239177568450E-02  0.177426166249E-02
    9   -100.014565727612  0.104439275079E-02  0.593743073518E-03
   10   -100.014571705380  0.942793081114E-03  0.654291647920E-03
   11   -100.014598129010  0.259786841842E-02  0.219546933904E-02
   12   -100.014643851030  0.496049347681E-02  0.414995657596E-02
   13   -100.014727949581  0.753914750721E-02  0.629368345623E-02
   14   -100.014838216596  0.670532134873E-02  0.464888035279E-02
   15   -100.014736657942  0.179503225113E-01  0.168507591292E-01
   16   -100.014884003238  0.715848640817E-02  0.701364839345E-02
   17   -100.014929900653  0.377494666381E-02  0.352872625893E-02
   18   -100.014936550572  0.947446189350E-03  0.684102765061E-03
   19   -100.014937296056  0.546345745808E-03  0.401250052962E-03
   20   -100.014937873178  0.300937052968E-03  0.209328140470E-03
   21   -100.015338740823  0.158492012967E-02  0.113872640488E-02
   22   -100.014433035891  0.320240821731E-01  0.272373864607E-01
   23   -100.015345066642  0.153623562060E-02  0.150524276895E-02
   24   -100.015344779569  0.174879832056E-02  0.172357479255E-02
   25   -100.015346569845  0.242822884471E-03  0.183761240951E-03
