    1   -176.674414123990  0.213075110185E-01  0.116604123974E-01
    2   -176.676289699580  0.173506936407E-01  0.932684233875E-02
    3   -176.680691831069  0.465236487755E-01  0.459860929930E-01
    4   -176.680957008895  0.418952731236E-01  0.410707892201E-01
    5   -176.681933135476  0.861609257526E-02  0.607471099206E-02
    6   -176.682045019166  0.767462439116E-02  0.502570555276E-02
    7   -176.681960019985  0.342704739337E-01  0.337814771330E-01
    8   -176.682265379747  0.924851199356E-02  0.746058639776E-02
    9   -176.682440912667  0.889354519638E-02  0.688354132749E-02
   10   -176.683020373208  0.177733696753E-01  0.165739768749E-01
   11   -176.683625575488  0.159576324919E-01  0.148921942702E-01
   12   -176.684232347834  0.137305643629E-01  0.122266938414E-01
   13   -176.684469638319  0.559503929708E-02  0.405029731819E-02
   14   -176.684573414266  0.403401559082E-02  0.305620748120E-02
   15   -176.684619055944  0.744816152864E-02  0.707551934876E-02
   16   -176.684689869823  0.193569756019E-02  0.130332896165E-02
   17   -176.684699330019  0.137531742443E-02  0.571178000614E-03
   18   -176.684718540455  0.268633760077E-02  0.225888309172E-02
   19   -176.684750522096  0.276405656706E-02  0.228971421849E-02
   20   -176.684824822422  0.252561482516E-02  0.181397272915E-02
   21   -176.684827776957  0.952046781150E-02  0.810693102952E-02
   22   -176.684855002142  0.538520352143E-02  0.472805094150E-02
   23   -176.684901058820  0.256146359297E-02  0.168851168455E-02
   24   -176.684929458796  0.202227005834E-02  0.105573690497E-02
   25   -176.684972272449  0.318382711748E-02  0.224011608540E-02
   26   -176.685010050763  0.464139600537E-02  0.381021713556E-02
   27   -176.685048326060  0.279616688703E-02  0.162317081914E-02
   28   -176.685076871746  0.214820579562E-02  0.141351998350E-02
   29   -176.685102743358  0.237104825215E-02  0.164521668551E-02
   30   -176.685128992250  0.305246017014E-02  0.253111464628E-02
   31   -176.685145402248  0.135306624724E-02  0.675392640470E-03
   32   -176.685149997179  0.113343727884E-02  0.658118728691E-03
   33   -176.685157595332  0.990509423787E-03  0.560626201043E-03
   34   -176.685159692643  0.280267511949E-02  0.216782689350E-02
   35   -176.685167323066  0.885341723310E-03  0.562388665965E-03
   36   -176.685169116004  0.577889795629E-03  0.271372015420E-03
   37   -176.688990373039  0.197183151259E-01  0.191470780958E-01
   38   -176.687139595957  0.775955123674E-01  0.773095544038E-01
   39   -176.689218719598  0.583727341888E-02  0.330825387886E-02
   40   -176.689251957037  0.500139124997E-02  0.325551075225E-02
   41   -176.689494574924  0.104722754392E-01  0.985298723110E-02
   42   -176.689696131897  0.118152938249E-01  0.115245305541E-01
   43   -176.689858073735  0.794211254973E-02  0.759554358494E-02
   44   -176.690005775548  0.336246518567E-02  0.283727583226E-02
   45   -176.690017948938  0.165530821251E-02  0.101692509819E-02
   46   -176.690029852259  0.160511550604E-02  0.925235309713E-03
   47   -176.690054526388  0.280837778256E-02  0.235309044549E-02
   48   -176.690086794712  0.311396193985E-02  0.276211896465E-02
   49   -176.690059233116  0.712064348962E-02  0.683163361693E-02
   50   -176.690094661727  0.282822546146E-02  0.254061990156E-02
   51   -176.690102578293  0.921895834264E-03  0.626704596342E-03
   52   -176.690104826496  0.689980944171E-03  0.292289484440E-03
   53   -176.691088239330  0.860429495882E-02  0.823754784105E-02
   54   -176.687899132569  0.109232676312      0.109123794125    
   55   -176.691140269996  0.341704835519E-02  0.223720212037E-02
   56   -176.691151522922  0.266188527555E-02  0.144957159064E-02
   57   -176.691201823135  0.418858987613E-02  0.365868175083E-02
   58   -176.691258019610  0.596795980355E-02  0.577484215152E-02
   59   -176.691333201064  0.444884844511E-02  0.432654702654E-02
   60   -176.691315734327  0.663739536790E-02  0.649354658138E-02
   61   -176.691347878477  0.257112664562E-02  0.236655151184E-02
   62   -176.691357750285  0.112769666889E-02  0.694454868205E-03
   63   -176.691364141509  0.121860752275E-02  0.906939617819E-03
   64   -176.691374637948  0.174456440001E-02  0.158713131092E-02
   65   -176.691385717452  0.180437628189E-02  0.167900895968E-02
   66   -176.691382000286  0.376967877832E-02  0.369139072674E-02
   67   -176.691391012248  0.165242821169E-02  0.152972526249E-02
   68   -176.691395702590  0.765725923660E-03  0.469787721208E-03
   69   -176.691399044551  0.763693908318E-03  0.512232333187E-03
   70   -176.691402017135  0.967319946791E-03  0.830958034842E-03
   71   -176.691407039801  0.151656707823E-02  0.130419329527E-02
   72   -176.691410375807  0.103933177739E-02  0.771274514255E-03
   73   -176.691412323509  0.858291698827E-03  0.572314326197E-03
   74   -176.691421102117  0.865007474478E-03  0.745409046548E-03
   75   -176.691431678513  0.229126863897E-02  0.213792756377E-02
   76   -176.691438864564  0.166359035344E-02  0.153216279395E-02
   77   -176.691443410322  0.700903995612E-03  0.277474894370E-03
   78   -176.691643669271  0.326563567228E-02  0.297405352326E-02
   79   -176.687723868292  0.129842045518      0.129782951146    
   80   -176.691652383019  0.201592708645E-02  0.152226187643E-02
   81   -176.691656080427  0.143336543262E-02  0.817990328721E-03
   82   -176.691668906728  0.192897838418E-02  0.153704478875E-02
   83   -176.691688055239  0.340006689839E-02  0.327248044730E-02
   84   -176.691715604253  0.355953502439E-02  0.351359413384E-02
   85   -176.691727650962  0.322951043640E-02  0.295980774835E-02
   86   -176.691737168426  0.616069713363E-03  0.379811726449E-03
   87   -176.691824604762  0.162328638508E-02  0.144641559681E-02
   88   -176.688094891165  0.120992961399      0.120613201699    
   89   -176.691826660004  0.112019129439E-02  0.904087971347E-03
   90   -176.691827688446  0.711419284813E-03  0.334006718044E-03
