    1   -176.282016397951  0.465388079028E-01  0.421186826978E-01
    2   -176.284786169962  0.381620156973E-01  0.347323067938E-01
    3   -176.285068821193  0.262656771986E-01  0.194942983913E-01
    4   -176.285544860108  0.197140761658E-01  0.113108001888E-01
    5   -176.287896838764  0.827629100585E-01  0.812372513579E-01
    6   -176.291133552500  0.856612010051E-01  0.844579263787E-01
    7   -176.169400328341   1.88214208428       1.86873686590    
    8   -176.295372334110  0.887027640213E-01  0.809551404759E-01
    9   -176.296937261724  0.601164645040E-01  0.569303139368E-01
   10   -176.299157704345  0.119866003935E-01  0.116033255580E-01
   11   -176.299286651264  0.354044642470E-02  0.261748362101E-02
   12   -176.299312187818  0.223031488784E-02  0.100304768817E-02
   13   -176.299344195272  0.232423886909E-02  0.173949326430E-02
   14   -176.299367245356  0.211527285130E-02  0.191231967327E-02
   15   -176.299360527854  0.431284906183E-02  0.419955925704E-02
   16   -176.299373327547  0.200712217336E-02  0.138823452955E-02
   17   -176.299379970246  0.390460090115E-03  0.247655369652E-03
   18   -176.300209654798  0.652275904047E-03  0.481520506650E-03
   19   -176.297566607022  0.960411864948E-01  0.959154221112E-01
   20   -176.300210396989  0.543666612282E-03  0.386473411225E-03
   21   -176.690757033176  0.143894801610E-01  0.123065718599E-01
   22   -176.690434501592  0.457318796994E-01  0.453388555066E-01
   23   -176.691148112139  0.785809821937E-02  0.460858467002E-02
   24   -176.691362637029  0.109246506394E-01  0.933755774333E-02
   25   -176.656743989506  0.881251062938      0.881226815361    
   26   -176.691879869074  0.265951409899E-01  0.263159467722E-01
   27   -176.691461042245  0.637671168576E-01  0.636843104078E-01
   28   -176.692171220007  0.298392056204E-01  0.296642521453E-01
   29   -176.692520792464  0.186486758209E-01  0.183482092748E-01
   30   -176.692611301083  0.465936978809E-02  0.356243218100E-02
   31   -176.692665476836  0.395978886797E-02  0.309109628310E-02
   32   -176.692769450589  0.344018829261E-02  0.304479672527E-02
   33   -176.692774334960  0.475373219733E-02  0.415292460861E-02
   34   -176.692795321368  0.150994862903E-02  0.103782892523E-02
   35   -176.692798492301  0.951457755932E-03  0.488469408239E-03
   36   -176.692801943232  0.100639877436E-02  0.589483235795E-03
   37   -176.692806511729  0.130768827612E-02  0.120851957146E-02
   38   -176.692807922751  0.635720561475E-03  0.583045929277E-03
   39   -176.692808520355  0.215660041917E-03  0.906079451220E-04
   40   -176.692848355307  0.339277885736E-03  0.254146308841E-03
   41   -176.692848903601  0.322445152510E-03  0.228552401161E-03
